Using pre-set license
Built from '2020.2/release' branch; Version is '2020.2.2f1 (068178b99f32) revision 426360'; Using compiler version '192528614'; Build Type 'Release'
OS: 'Windows 10 Home; OS build 19042.928; Version 2009; 64bit' Language: 'en' Physical Memory: 16233 MB
BatchMode: 1, IsHumanControllingUs: 0, StartBugReporterOnCrash: 0, Is64bit: 1, IsPro: 0

 COMMAND LINE ARGUMENTS:
C:\Program Files\Unity\Hub\Editor\2019.4.21f1\Editor\Unity.exe
-adb2
-batchMode
-noUpm
-name
AssetImportWorker0
-projectPath
E:/3D Flocking
-logFile
Logs/AssetImportWorker0.log
-srvPort
49867
Successfully changed project path to: E:/3D Flocking
E:/3D Flocking
Using Asset Import Pipeline V2.
Refreshing native plugins compatible for Editor in 24.05 ms, found 0 plugins.
Preloading 0 native plugins for Editor in 0.00 ms.
Initialize engine version: 2020.2.2f1 (068178b99f32)
[Subsystems] Discovering subsystems at path C:/Program Files/Unity/Hub/Editor/2019.4.21f1/Editor/Data/Resources/UnitySubsystems
[Subsystems] Discovering subsystems at path E:/3D Flocking/Assets
GfxDevice: creating device client; threaded=0
Direct3D:
    Version:  Direct3D 11.0 [level 11.1]
    Renderer: NVIDIA GeForce RTX 2060 (ID=0x1f11)
    Vendor:   
    VRAM:     5980 MB
    Driver:   27.21.14.6611
Initialize mono
Mono path[0] = 'C:/Program Files/Unity/Hub/Editor/2019.4.21f1/Editor/Data/Managed'
Mono path[1] = 'C:/Program Files/Unity/Hub/Editor/2019.4.21f1/Editor/Data/MonoBleedingEdge/lib/mono/unityjit'
Mono config path = 'C:/Program Files/Unity/Hub/Editor/2019.4.21f1/Editor/Data/MonoBleedingEdge/etc'
Using monoOptions --debugger-agent=transport=dt_socket,embedding=1,server=y,suspend=n,address=127.0.0.1:56008
Begin MonoManager ReloadAssembly
Registering precompiled unity dll's ...
Register platform support module: C:/Program Files/Unity/Hub/Editor/2019.4.21f1/Editor/Data/PlaybackEngines/WindowsStandaloneSupport/UnityEditor.WindowsStandalone.Extensions.dll
Registered in 0.001938 seconds.
Native extension for WindowsStandalone target not found
Refreshing native plugins compatible for Editor in 21.97 ms, found 0 plugins.
Preloading 0 native plugins for Editor in 0.00 ms.
Invoked RoslynAnalysisRunner static constructor.
RoslynAnalysisRunner will not be running.
RoslynAnalysisRunner has terminated.
Mono: successfully reloaded assembly
- Completed reload, in  0.936 seconds
Platform modules already initialized, skipping
Registering precompiled user dll's ...
Registered in 0.000522 seconds.
Begin MonoManager ReloadAssembly
Native extension for WindowsStandalone target not found
Refreshing native plugins compatible for Editor in 0.18 ms, found 0 plugins.
Preloading 0 native plugins for Editor in 0.00 ms.
Invoked RoslynAnalysisRunner static constructor.
RoslynAnalysisRunner will not be running.
RoslynAnalysisRunner has terminated.
Mono: successfully reloaded assembly
- Completed reload, in  0.724 seconds
Platform modules already initialized, skipping
========================================================================
Worker process is ready to serve import requests
Launched and connected shader compiler UnityShaderCompiler.exe after 0.07 seconds
Refreshing native plugins compatible for Editor in 0.29 ms, found 0 plugins.
Preloading 0 native plugins for Editor in 0.00 ms.
Unloading 1113 Unused Serialized files (Serialized files now loaded: 0)
System memory in use before: 56.8 MB.
System memory in use after: 56.8 MB.

Unloading 10 unused Assets to reduce memory usage. Loaded Objects now: 1555.
Total: 1.809300 ms (FindLiveObjects: 0.228200 ms CreateObjectMapping: 0.063600 ms MarkObjects: 1.438300 ms  DeleteObjects: 0.078200 ms)

========================================================================
Received Import Request.
  path: Assets
  artifactKey: Guid(00000000000000001000000000000000) Importer(815301076,1909f56bfc062723c751e8b465ee728b)
Start importing Assets using Guid(00000000000000001000000000000000) Importer(815301076,1909f56bfc062723c751e8b465ee728b)  -> (artifact id: '4a6e520b92ccfc61bcfa21a7bcab8468') in 0.075422 seconds
  Import took 0.077453 seconds .

========================================================================
Received Import Request.
  Time since last request: 3.146746 seconds.
  path: Assets/Scripts
  artifactKey: Guid(f5672865669d2e3489e65b89e477fe70) Importer(815301076,1909f56bfc062723c751e8b465ee728b)
Start importing Assets/Scripts using Guid(f5672865669d2e3489e65b89e477fe70) Importer(815301076,1909f56bfc062723c751e8b465ee728b)  -> (artifact id: '1f3d8ccddaf5ad0ed353034a02f09896') in 0.021570 seconds
  Import took 0.024315 seconds .

========================================================================
Received Import Request.
  Time since last request: 28.940555 seconds.
  path: Assets/Scripts/SteeringAgent.cs
  artifactKey: Guid(6994da29e54ca4c4fab52c4901d741ec) Importer(815301076,1909f56bfc062723c751e8b465ee728b)
Start importing Assets/Scripts/SteeringAgent.cs using Guid(6994da29e54ca4c4fab52c4901d741ec) Importer(815301076,1909f56bfc062723c751e8b465ee728b)  -> (artifact id: '5b4e45c657a2b424f56c7329b49b2f9c') in 0.043693 seconds
  Import took 0.045479 seconds .

========================================================================
Received Prepare
Registering precompiled user dll's ...
Registered in 0.000585 seconds.
Begin MonoManager ReloadAssembly
Native extension for WindowsStandalone target not found
Refreshing native plugins compatible for Editor in 0.18 ms, found 0 plugins.
Preloading 0 native plugins for Editor in 0.00 ms.
Invoked RoslynAnalysisRunner static constructor.
RoslynAnalysisRunner will not be running.
RoslynAnalysisRunner has terminated.
Mono: successfully reloaded assembly
- Completed reload, in  0.676 seconds
Platform modules already initialized, skipping
Refreshing native plugins compatible for Editor in 0.20 ms, found 0 plugins.
Preloading 0 native plugins for Editor in 0.00 ms.
Unloading 1109 Unused Serialized files (Serialized files now loaded: 0)
System memory in use before: 56.8 MB.
System memory in use after: 56.9 MB.

Unloading 5 unused Assets to reduce memory usage. Loaded Objects now: 1559.
Total: 1.677300 ms (FindLiveObjects: 0.206700 ms CreateObjectMapping: 0.035800 ms MarkObjects: 1.388200 ms  DeleteObjects: 0.045100 ms)

========================================================================
Received Import Request.
  Time since last request: 13.368097 seconds.
  path: Assets/Scripts/SteeringBehavior.cs
  artifactKey: Guid(f5eb793566ef52c499d2805cc89be9d3) Importer(815301076,1909f56bfc062723c751e8b465ee728b)
Start importing Assets/Scripts/SteeringBehavior.cs using Guid(f5eb793566ef52c499d2805cc89be9d3) Importer(815301076,1909f56bfc062723c751e8b465ee728b)  -> (artifact id: 'bba17ed8489bea73f8af7b2f5eecefc5') in 0.017661 seconds
  Import took 0.019468 seconds .

========================================================================
Received Prepare
Registering precompiled user dll's ...
Registered in 0.000629 seconds.
Begin MonoManager ReloadAssembly
Native extension for WindowsStandalone target not found
Refreshing native plugins compatible for Editor in 0.18 ms, found 0 plugins.
Preloading 0 native plugins for Editor in 0.00 ms.
Invoked RoslynAnalysisRunner static constructor.
RoslynAnalysisRunner will not be running.
RoslynAnalysisRunner has terminated.
Mono: successfully reloaded assembly
- Completed reload, in  0.704 seconds
Platform modules already initialized, skipping
Refreshing native plugins compatible for Editor in 0.20 ms, found 0 plugins.
Preloading 0 native plugins for Editor in 0.00 ms.
Unloading 1110 Unused Serialized files (Serialized files now loaded: 0)
System memory in use before: 56.9 MB.
System memory in use after: 57.0 MB.

Unloading 5 unused Assets to reduce memory usage. Loaded Objects now: 1563.
Total: 1.597300 ms (FindLiveObjects: 0.100900 ms CreateObjectMapping: 0.028800 ms MarkObjects: 1.401700 ms  DeleteObjects: 0.065100 ms)

========================================================================
Received Import Request.
  Time since last request: 1034.127981 seconds.
  path: Assets/Scripts/SteeringAgent.cs
  artifactKey: Guid(6994da29e54ca4c4fab52c4901d741ec) Importer(815301076,1909f56bfc062723c751e8b465ee728b)
Start importing Assets/Scripts/SteeringAgent.cs using Guid(6994da29e54ca4c4fab52c4901d741ec) Importer(815301076,1909f56bfc062723c751e8b465ee728b)  -> (artifact id: 'f7310b9a0360a6c64e05315b19cc0477') in 0.035245 seconds
  Import took 0.037541 seconds .

========================================================================
Received Import Request.
  Time since last request: 0.018121 seconds.
  path: Assets/Scripts/SteeringAgent.cs
  artifactKey: Guid(6994da29e54ca4c4fab52c4901d741ec) Importer(815301076,1909f56bfc062723c751e8b465ee728b)
Start importing Assets/Scripts/SteeringAgent.cs using Guid(6994da29e54ca4c4fab52c4901d741ec) Importer(815301076,1909f56bfc062723c751e8b465ee728b)  -> (artifact id: 'f7310b9a0360a6c64e05315b19cc0477') in 0.017831 seconds
  Import took 0.019737 seconds .

========================================================================
Received Prepare
Registering precompiled user dll's ...
Registered in 0.000627 seconds.
Begin MonoManager ReloadAssembly
Native extension for WindowsStandalone target not found
Refreshing native plugins compatible for Editor in 0.18 ms, found 0 plugins.
Preloading 0 native plugins for Editor in 0.00 ms.
Invoked RoslynAnalysisRunner static constructor.
RoslynAnalysisRunner will not be running.
RoslynAnalysisRunner has terminated.
Mono: successfully reloaded assembly
- Completed reload, in  0.694 seconds
Platform modules already initialized, skipping
Refreshing native plugins compatible for Editor in 0.21 ms, found 0 plugins.
Preloading 0 native plugins for Editor in 0.00 ms.
Unloading 1110 Unused Serialized files (Serialized files now loaded: 0)
System memory in use before: 57.0 MB.
System memory in use after: 57.1 MB.

Unloading 5 unused Assets to reduce memory usage. Loaded Objects now: 1566.
Total: 3.312000 ms (FindLiveObjects: 0.389700 ms CreateObjectMapping: 0.117400 ms MarkObjects: 2.719000 ms  DeleteObjects: 0.084400 ms)

========================================================================
Received Import Request.
  Time since last request: 2449.814320 seconds.
  path: Assets/Scripts/SteeringBehavior.cs
  artifactKey: Guid(f5eb793566ef52c499d2805cc89be9d3) Importer(815301076,1909f56bfc062723c751e8b465ee728b)
Start importing Assets/Scripts/SteeringBehavior.cs using Guid(f5eb793566ef52c499d2805cc89be9d3) Importer(815301076,1909f56bfc062723c751e8b465ee728b)  -> (artifact id: '8759004e5adc1397d9c3bd0038ae4344') in 0.031239 seconds
  Import took 0.032925 seconds .

========================================================================
Received Import Request.
  Time since last request: 18.420662 seconds.
  path: Assets/Scripts/WanderBehaviour.cs
  artifactKey: Guid(8a7cb207fd0bbbd418e708974febed14) Importer(815301076,1909f56bfc062723c751e8b465ee728b)
Start importing Assets/Scripts/WanderBehaviour.cs using Guid(8a7cb207fd0bbbd418e708974febed14) Importer(815301076,1909f56bfc062723c751e8b465ee728b)  -> (artifact id: '860da0e74cc2f4afe9875298ca88d60f') in 0.026251 seconds
  Import took 0.028925 seconds .

========================================================================
Received Prepare
Registering precompiled user dll's ...
Registered in 0.000745 seconds.
Begin MonoManager ReloadAssembly
Native extension for WindowsStandalone target not found
Refreshing native plugins compatible for Editor in 0.18 ms, found 0 plugins.
Preloading 0 native plugins for Editor in 0.00 ms.
Invoked RoslynAnalysisRunner static constructor.
RoslynAnalysisRunner will not be running.
RoslynAnalysisRunner has terminated.
Mono: successfully reloaded assembly
- Completed reload, in  0.666 seconds
Platform modules already initialized, skipping
Refreshing native plugins compatible for Editor in 0.20 ms, found 0 plugins.
Preloading 0 native plugins for Editor in 0.00 ms.
Unloading 1111 Unused Serialized files (Serialized files now loaded: 0)
System memory in use before: 57.1 MB.
System memory in use after: 57.2 MB.

Unloading 5 unused Assets to reduce memory usage. Loaded Objects now: 1570.
Total: 1.635700 ms (FindLiveObjects: 0.160700 ms CreateObjectMapping: 0.026400 ms MarkObjects: 1.410700 ms  DeleteObjects: 0.037200 ms)

========================================================================
Received Import Request.
  Time since last request: 779.109867 seconds.
  path: Assets/Scripts/SteeringAgentManager.cs
  artifactKey: Guid(593cc8e13eae5ed498a57ad76f20a87b) Importer(815301076,1909f56bfc062723c751e8b465ee728b)
Start importing Assets/Scripts/SteeringAgentManager.cs using Guid(593cc8e13eae5ed498a57ad76f20a87b) Importer(815301076,1909f56bfc062723c751e8b465ee728b)  -> (artifact id: '1dca756bc03def61adab5e9525f6483c') in 0.030002 seconds
  Import took 0.032888 seconds .

========================================================================
Received Import Request.
  Time since last request: 382.051199 seconds.
  path: Assets/Scripts/SteeringAgentManager.cs
  artifactKey: Guid(593cc8e13eae5ed498a57ad76f20a87b) Importer(815301076,1909f56bfc062723c751e8b465ee728b)
Start importing Assets/Scripts/SteeringAgentManager.cs using Guid(593cc8e13eae5ed498a57ad76f20a87b) Importer(815301076,1909f56bfc062723c751e8b465ee728b)  -> (artifact id: '34cf2396b95ea3d574418461b49d1022') in 0.106908 seconds
  Import took 0.109901 seconds .

========================================================================
Received Import Request.
  Time since last request: 0.018343 seconds.
  path: Assets/Scripts/SteeringAgentManager.cs
  artifactKey: Guid(593cc8e13eae5ed498a57ad76f20a87b) Importer(815301076,1909f56bfc062723c751e8b465ee728b)
Start importing Assets/Scripts/SteeringAgentManager.cs using Guid(593cc8e13eae5ed498a57ad76f20a87b) Importer(815301076,1909f56bfc062723c751e8b465ee728b)  -> (artifact id: '34cf2396b95ea3d574418461b49d1022') in 0.114408 seconds
  Import took 0.116083 seconds .

========================================================================
Received Prepare
Registering precompiled user dll's ...
Registered in 0.000520 seconds.
Begin MonoManager ReloadAssembly
Native extension for WindowsStandalone target not found
Refreshing native plugins compatible for Editor in 0.18 ms, found 0 plugins.
Preloading 0 native plugins for Editor in 0.00 ms.
Invoked RoslynAnalysisRunner static constructor.
RoslynAnalysisRunner will not be running.
RoslynAnalysisRunner has terminated.
Mono: successfully reloaded assembly
- Completed reload, in  0.659 seconds
Platform modules already initialized, skipping
Refreshing native plugins compatible for Editor in 0.21 ms, found 0 plugins.
Preloading 0 native plugins for Editor in 0.00 ms.
Unloading 1112 Unused Serialized files (Serialized files now loaded: 0)
System memory in use before: 57.3 MB.
System memory in use after: 57.3 MB.

Unloading 5 unused Assets to reduce memory usage. Loaded Objects now: 1574.
Total: 1.611400 ms (FindLiveObjects: 0.127900 ms CreateObjectMapping: 0.034500 ms MarkObjects: 1.402800 ms  DeleteObjects: 0.045000 ms)

========================================================================
Received Import Request.
  Time since last request: 58.818671 seconds.
  path: Assets/Wander.asset
  artifactKey: Guid(945a3974276420347af7fe0cc0660b2c) Importer(815301076,1909f56bfc062723c751e8b465ee728b)
Start importing Assets/Wander.asset using Guid(945a3974276420347af7fe0cc0660b2c) Importer(815301076,1909f56bfc062723c751e8b465ee728b)  -> (artifact id: 'a8006eaa4e3394e9c37f254596db59a7') in 0.037300 seconds
  Import took 0.039227 seconds .

========================================================================
Received Import Request.
  Time since last request: 498.546326 seconds.
  path: Assets/Scripts/SteeringAgentManager.cs
  artifactKey: Guid(593cc8e13eae5ed498a57ad76f20a87b) Importer(815301076,1909f56bfc062723c751e8b465ee728b)
Start importing Assets/Scripts/SteeringAgentManager.cs using Guid(593cc8e13eae5ed498a57ad76f20a87b) Importer(815301076,1909f56bfc062723c751e8b465ee728b)  -> (artifact id: '6478bbecbce6020fbe7375e5cb2c23e3') in 0.028473 seconds
  Import took 0.030374 seconds .

========================================================================
Received Prepare
Registering precompiled user dll's ...
Registered in 0.000858 seconds.
Begin MonoManager ReloadAssembly
Native extension for WindowsStandalone target not found
Refreshing native plugins compatible for Editor in 0.19 ms, found 0 plugins.
Preloading 0 native plugins for Editor in 0.00 ms.
Invoked RoslynAnalysisRunner static constructor.
RoslynAnalysisRunner will not be running.
RoslynAnalysisRunner has terminated.
Mono: successfully reloaded assembly
- Completed reload, in  0.697 seconds
Platform modules already initialized, skipping
Refreshing native plugins compatible for Editor in 0.20 ms, found 0 plugins.
Preloading 0 native plugins for Editor in 0.00 ms.
Unloading 1112 Unused Serialized files (Serialized files now loaded: 0)
System memory in use before: 57.4 MB.
System memory in use after: 57.4 MB.

Unloading 5 unused Assets to reduce memory usage. Loaded Objects now: 1577.
Total: 1.581600 ms (FindLiveObjects: 0.125700 ms CreateObjectMapping: 0.032100 ms MarkObjects: 1.378000 ms  DeleteObjects: 0.044900 ms)

========================================================================
Received Prepare
Registering precompiled user dll's ...
Registered in 0.000464 seconds.
Begin MonoManager ReloadAssembly
Native extension for WindowsStandalone target not found
Refreshing native plugins compatible for Editor in 0.18 ms, found 0 plugins.
Preloading 0 native plugins for Editor in 0.00 ms.
Invoked RoslynAnalysisRunner static constructor.
RoslynAnalysisRunner will not be running.
RoslynAnalysisRunner has terminated.
Mono: successfully reloaded assembly
- Completed reload, in  0.656 seconds
Platform modules already initialized, skipping
Refreshing native plugins compatible for Editor in 0.20 ms, found 0 plugins.
Preloading 0 native plugins for Editor in 0.00 ms.
Unloading 1112 Unused Serialized files (Serialized files now loaded: 0)
System memory in use before: 57.4 MB.
System memory in use after: 57.5 MB.

Unloading 5 unused Assets to reduce memory usage. Loaded Objects now: 1580.
Total: 1.541900 ms (FindLiveObjects: 0.107600 ms CreateObjectMapping: 0.029900 ms MarkObjects: 1.369800 ms  DeleteObjects: 0.033900 ms)

